<?xml version="1.0" encoding="UTF-8"?>
<!-- Generated by org.testng.reporters.JUnitReportReporter -->
<testsuite hostname="DESKTOP-0FNJT7K" failures="0" tests="1" name="tests.Sanity2" time="0.101" errors="0" timestamp="2021-03-16T19:43:49 IST" skipped="0">
  <testcase classname="tests.Sanity2" name="goToRegister" time="0.101"/>
  <system-out/>
</testsuite> <!-- tests.Sanity2 -->
