<?xml version="1.0" encoding="UTF-8"?>
<!-- Generated by org.testng.reporters.JUnitReportReporter -->
<testsuite hostname="LAPTOP-JD3JCJ7C" failures="0" tests="4" name="tests.Sanity" time="10.790" errors="0" timestamp="2021-03-13T23:35:21 IST" skipped="0">
  <testcase classname="tests.Sanity" name="goToRegister" time="5.401"/>
  <system-out/>
  <testcase classname="tests.Sanity" name="selectAccountTypeIM" time="0.758"/>
  <system-out/>
  <testcase classname="tests.Sanity" name="selectAccountTypeLookingTo" time="4.137"/>
  <system-out/>
  <testcase classname="tests.Sanity" name="verifyURL" time="0.494"/>
  <system-out/>
</testsuite> <!-- tests.Sanity -->
