<?xml version="1.0" encoding="UTF-8"?>
<!-- Generated by org.testng.reporters.JUnitReportReporter -->
<testsuite hostname="DESKTOP-0FNJT7K" failures="0" tests="4" name="tests.Sanity" time="18.360" errors="0" timestamp="2021-03-14T19:46:44 IST" skipped="0">
  <testcase classname="tests.Sanity" name="goToRegister" time="11.652"/>
  <system-out/>
  <testcase classname="tests.Sanity" name="selectAccountTypeIM" time="5.419"/>
  <system-out/>
  <testcase classname="tests.Sanity" name="selectAccountTypeLookingTo" time="0.760"/>
  <system-out/>
  <testcase classname="tests.Sanity" name="verifyURL" time="0.529"/>
  <system-out/>
</testsuite> <!-- tests.Sanity -->
